19:38:21,921 INFO [SettingsFactory] JDBC driver: MySQL-AB JDBC Driver, version: mysql-connector-java-3.1.7 ( $Date: 2005/09/12 17:29:24 $, $Revision: 1.7 $ )
19:38:21,968 INFO [Dialect] Using dialect: org.hibernate.dialect.MySQLInnoDBDialect
19:38:22,000 INFO [TransactionFactoryFactory] Using default transaction strategy (direct JDBC transactions)
19:38:22,031 INFO [TransactionManagerLookupFactory] No TransactionManagerLookup configured (in JTA environment, use of read-write or transactional second-level cache is not recommended)
19:38:22,031 INFO [SettingsFactory] Automatic flush during beforeCompletion(): disabled
19:38:22,031 INFO [SettingsFactory] Automatic session close at end of transaction: disabled
19:38:22,031 INFO [SettingsFactory] JDBC batch size: 15
19:38:22,031 INFO [SettingsFactory] JDBC batch updates for versioned data: disabled
19:38:22,031 INFO [SettingsFactory] Scrollable result sets: enabled
19:38:22,031 INFO [SettingsFactory] JDBC3 getGeneratedKeys(): enabled
19:38:22,031 INFO [SettingsFactory] Connection release mode: null
19:38:22,031 INFO [SettingsFactory] Maximum outer join fetch depth: 2
19:38:22,046 INFO [SettingsFactory] Default batch fetch size: 1
19:38:22,046 INFO [SettingsFactory] Generate SQL with comments: disabled
19:38:22,046 INFO [SettingsFactory] Order SQL updates by primary key: disabled
19:38:22,046 INFO [SettingsFactory] Query translator: org.hibernate.hql.ast.ASTQueryTranslatorFactory
19:38:22,046 INFO [ASTQueryTranslatorFactory] Using ASTQueryTranslatorFactory
19:38:22,046 INFO [SettingsFactory] Query language substitutions: {toUpper=true}
19:38:22,046 INFO [SettingsFactory] Second-level cache: enabled
19:38:22,046 INFO [SettingsFactory] Query cache: disabled
19:38:22,046 INFO [SettingsFactory] Cache provider: org.hibernate.cache.EhCacheProvider
19:38:22,046 INFO [SettingsFactory] Optimize cache for minimal puts: disabled
19:38:22,046 INFO [SettingsFactory] Structured second-level cache entries: disabled
19:38:22,078 INFO [SettingsFactory] Echoing all SQL to stdout
19:38:22,078 INFO [SettingsFactory] Statistics: disabled
19:38:22,078 INFO [SettingsFactory] Deleted entity synthetic identifier rollback: disabled
19:38:22,078 INFO [SettingsFactory] Default entity-mode: pojo
19:38:22,296 INFO [SessionFactoryImpl] building session factory
19:38:22,328 WARN [Configurator] No configuration found. Configuring ehcache from ehcache-failsafe.xml found in the classpath: jar:file:/D:/Projects/EcoBill/lib/ehcache-1.1.jar!/ehcache-failsafe.xml
19:38:22,875 INFO [SessionFactoryObjectFactory] Not binding factory to JNDI, no JNDI name configured
19:38:22,875 INFO [SessionFactoryImpl] Checking 0 named queries
19:38:22,984 INFO [DefaultListableBeanFactory] Creating shared instance of singleton bean 'hibernateTemplate'
19:38:22,984 INFO [DefaultListableBeanFactory] Creating shared instance of singleton bean 'transactionManager'
19:38:23,015 INFO [DefaultListableBeanFactory] Creating shared instance of singleton bean 'baseDao'
19:38:23,015 INFO [DefaultListableBeanFactory] Creating shared instance of singleton bean 'baseServiceTarget'
19:38:23,015 INFO [DefaultListableBeanFactory] Creating shared instance of singleton bean 'baseService'
19:38:23,031 INFO [DefaultAopProxyFactory] CGLIB2 available: proxyTargetClass feature enabled
19:38:23,156 INFO [DefaultListableBeanFactory] Creating shared instance of singleton bean 'workArea'
19:38:23,156 INFO [DefaultListableBeanFactory] Creating shared instance of singleton bean 'mainFrame'
19:38:24,046 INFO [DefaultListableBeanFactory] Creating shared instance of singleton bean 'articleUI'
19:38:24,656 INFO [JdbcTransactionObjectSupport] JDBC 3.0 Savepoint class is available
19:38:25,562 INFO [DefaultListableBeanFactory] Creating shared instance of singleton bean 'businessPartnerUI'
19:38:25,718 INFO [DefaultListableBeanFactory] Creating shared instance of singleton bean 'printUI'
19:47:38,468 INFO [XmlBeanDefinitionReader] Loading XML bean definitions from class path resource [ecobill/config/applicationContext.xml]
19:47:38,734 INFO [ClassPathXmlApplicationContext] Bean factory for application context [org.springframework.context.support.ClassPathXmlApplicationContext;hashCode=28035001]: org.springframework.beans.factory.support.DefaultListableBeanFactory defining beans [propertyConfigurer,messageSource,sessionFactory,hibernateTemplate,transactionManager,baseDao,baseServiceTarget,baseService,workArea,mainFrame,articleUI,businessPartnerUI,printUI]; root of BeanFactory hierarchy
19:47:38,734 INFO [ClassPathXmlApplicationContext] 13 beans defined in application context [org.springframework.context.support.ClassPathXmlApplicationContext;hashCode=28035001]
19:47:38,750 INFO [DefaultListableBeanFactory] Creating shared instance of singleton bean 'propertyConfigurer'
19:47:38,796 INFO [PropertyPlaceholderConfigurer] Loading properties from class path resource [ecobill/config/hibernate.properties]
19:47:38,812 INFO [CollectionFactory] JDK 1.4+ collections available
19:47:38,812 INFO [DefaultListableBeanFactory] Creating shared instance of singleton bean 'messageSource'
19:47:38,828 INFO [ClassPathXmlApplicationContext] Using MessageSource [org.springframework.context.support.ResourceBundleMessageSource: basenames=[ecobill/config/bundle/base/gui,ecobill/config/bundle/base/unit,ecobill/config/bundle/base/article]]
19:47:38,828 INFO [ClassPathXmlApplicationContext] Unable to locate ApplicationEventMulticaster with name 'applicationEventMulticaster': using default [org.springframework.context.event.SimpleApplicationEventMulticaster@1dd46f7]
19:47:38,828 INFO [DefaultListableBeanFactory] Pre-instantiating singletons in factory [org.springframework.beans.factory.support.DefaultListableBeanFactory defining beans [propertyConfigurer,messageSource,sessionFactory,hibernateTemplate,transactionManager,baseDao,baseServiceTarget,baseService,workArea,mainFrame,articleUI,businessPartnerUI,printUI]; root of BeanFactory hierarchy]
19:47:38,828 INFO [DefaultListableBeanFactory] Creating shared instance of singleton bean 'sessionFactory'
19:47:38,875 INFO [Environment] Hibernate 3.0.5
19:47:38,875 INFO [Environment] hibernate.properties not found
19:47:38,875 INFO [Environment] using CGLIB reflection optimizer
19:47:38,890 INFO [Environment] using JDK 1.4 java.sql.Timestamp handling
19:47:39,296 INFO [HbmBinder] Mapping class: ecobill.module.base.domain.SystemLocale -> BASE_SYSTEM_LOCALE
19:47:39,375 INFO [HbmBinder] Mapping class: ecobill.module.base.domain.SystemUnit -> BASE_SYSTEM_UNIT
19:47:39,406 INFO [HbmBinder] Mapping class: ecobill.module.base.domain.Person -> BASE_PERSON
19:47:39,546 INFO [HbmBinder] Mapping class: ecobill.module.base.domain.Address -> BASE_ADDRESS
19:47:39,578 INFO [HbmBinder] Mapping class: ecobill.module.base.domain.Banking -> BASE_BANKING
19:47:39,593 INFO [HbmBinder] Mapping class: ecobill.module.base.domain.BusinessPartner -> BASE_BUSINESS_PARTNER
19:47:39,625 INFO [HbmBinder] Mapping class: ecobill.module.base.domain.Article -> BASE_ARTICLE
19:47:39,640 INFO [HbmBinder] Mapping class: ecobill.module.base.domain.ArticleDescription -> BASE_ARTICLE_DESCRIPTION
19:47:39,750 INFO [HbmBinder] Mapping class: ecobill.module.base.domain.DeliveryOrder -> BASE_DELIVERY_ORDER
19:47:39,828 INFO [HbmBinder] Mapping class: ecobill.module.base.domain.ReduplicatedArticle -> BASE_REDUPLICATED_ARTICLE
19:47:39,828 INFO [HbmBinder] Mapping class: ecobill.module.base.domain.Bill -> BASE_BILL
19:47:39,828 INFO [LocalSessionFactoryBean] Building new Hibernate SessionFactory
19:47:39,828 INFO [Configuration] processing extends queue
19:47:39,828 INFO [Configuration] processing collection mappings
19:47:39,828 INFO [HbmBinder] Mapping collection: ecobill.module.base.domain.BusinessPartner.deliveryOrders -> BASE_DELIVERY_ORDER
19:47:39,828 INFO [HbmBinder] Mapping collection: ecobill.module.base.domain.BusinessPartner.bills -> BASE_BILL
19:47:39,828 INFO [HbmBinder] Mapping collection: ecobill.module.base.domain.Article.descriptions -> BASE_ARTICLE_DESCRIPTION
19:47:39,828 INFO [HbmBinder] Mapping collection: ecobill.module.base.domain.DeliveryOrder.articles -> BASE_REDUPLICATED_ARTICLE
19:47:39,843 INFO [HbmBinder] Mapping collection: ecobill.module.base.domain.Bill.deliveryOrders -> BASE_DELIVERY_ORDER
19:47:39,843 INFO [Configuration] processing association property references
19:47:39,843 INFO [Configuration] processing foreign key constraints
19:47:39,859 INFO [C3P0ConnectionProvider] C3P0 using driver: com.mysql.jdbc.Driver at URL: jdbc:mysql://localhost:3306/ecobill
19:47:39,859 INFO [C3P0ConnectionProvider] Connection properties: {user=root, password=****}
19:47:39,859 INFO [C3P0ConnectionProvider] autocommit mode: false
19:47:40,515 INFO [SettingsFactory] RDBMS: MySQL, version: 4.1.11-nt
19:47:40,515 INFO [SettingsFactory] JDBC driver: MySQL-AB JDBC Driver, version: mysql-connector-java-3.1.7 ( $Date: 2005/09/12 17:29:24 $, $Revision: 1.7 $ )
19:47:40,562 INFO [Dialect] Using dialect: org.hibernate.dialect.MySQLInnoDBDialect
19:47:40,562 INFO [TransactionFactoryFactory] Using default transaction strategy (direct JDBC transactions)
19:47:40,562 INFO [TransactionManagerLookupFactory] No TransactionManagerLookup configured (in JTA environment, use of read-write or transactional second-level cache is not recommended)
19:47:40,562 INFO [SettingsFactory] Automatic flush during beforeCompletion(): disabled
19:47:40,562 INFO [SettingsFactory] Automatic session close at end of transaction: disabled
19:47:40,562 INFO [SettingsFactory] JDBC batch size: 15
19:47:40,765 INFO [SettingsFactory] JDBC batch updates for versioned data: disabled
19:47:40,765 INFO [SettingsFactory] Scrollable result sets: enabled
19:47:40,765 INFO [SettingsFactory] JDBC3 getGeneratedKeys(): enabled
19:47:40,765 INFO [SettingsFactory] Connection release mode: null
19:47:40,765 INFO [SettingsFactory] Maximum outer join fetch depth: 2
19:47:40,765 INFO [SettingsFactory] Default batch fetch size: 1
19:47:40,765 INFO [SettingsFactory] Generate SQL with comments: disabled
19:47:40,765 INFO [SettingsFactory] Order SQL updates by primary key: disabled
19:47:40,765 INFO [SettingsFactory] Query translator: org.hibernate.hql.ast.ASTQueryTranslatorFactory
19:47:40,765 INFO [ASTQueryTranslatorFactory] Using ASTQueryTranslatorFactory
19:47:40,765 INFO [SettingsFactory] Query language substitutions: {toUpper=true}
19:47:40,765 INFO [SettingsFactory] Second-level cache: enabled
19:47:40,765 INFO [SettingsFactory] Query cache: disabled
19:47:40,765 INFO [SettingsFactory] Cache provider: org.hibernate.cache.EhCacheProvider
19:47:40,796 INFO [SettingsFactory] Optimize cache for minimal puts: disabled
19:47:40,796 INFO [SettingsFactory] Structured second-level cache entries: disabled
19:47:40,812 INFO [SettingsFactory] Echoing all SQL to stdout
19:47:40,812 INFO [SettingsFactory] Statistics: disabled
19:47:40,812 INFO [SettingsFactory] Deleted entity synthetic identifier rollback: disabled
19:47:40,812 INFO [SettingsFactory] Default entity-mode: pojo
19:47:41,031 INFO [SessionFactoryImpl] building session factory
19:47:41,062 WARN [Configurator] No configuration found. Configuring ehcache from ehcache-failsafe.xml found in the classpath: jar:file:/D:/Projects/EcoBill/lib/ehcache-1.1.jar!/ehcache-failsafe.xml
19:47:41,609 INFO [SessionFactoryObjectFactory] Not binding factory to JNDI, no JNDI name configured
19:47:41,609 INFO [SessionFactoryImpl] Checking 0 named queries
19:47:41,640 INFO [DefaultListableBeanFactory] Creating shared instance of singleton bean 'hibernateTemplate'
19:47:41,656 INFO [DefaultListableBeanFactory] Creating shared instance of singleton bean 'transactionManager'
19:47:41,671 INFO [DefaultListableBeanFactory] Creating shared instance of singleton bean 'baseDao'
19:47:41,671 INFO [DefaultListableBeanFactory] Creating shared instance of singleton bean 'baseServiceTarget'
19:47:41,687 INFO [DefaultListableBeanFactory] Creating shared instance of singleton bean 'baseService'
19:47:41,703 INFO [DefaultAopProxyFactory] CGLIB2 available: proxyTargetClass feature enabled
19:47:41,765 INFO [DefaultListableBeanFactory] Creating shared instance of singleton bean 'workArea'
19:47:41,765 INFO [DefaultListableBeanFactory] Creating shared instance of singleton bean 'mainFrame'
19:47:42,250 INFO [DefaultListableBeanFactory] Creating shared instance of singleton bean 'articleUI'
19:47:42,734 INFO [JdbcTransactionObjectSupport] JDBC 3.0 Savepoint class is available
19:47:43,203 INFO [DefaultListableBeanFactory] Creating shared instance of singleton bean 'businessPartnerUI'
19:47:43,343 INFO [DefaultListableBeanFactory] Creating shared instance of singleton bean 'printUI'
22:51:54,078 INFO [XmlBeanDefinitionReader] Loading XML bean definitions from class path resource [ecobill/config/applicationContext.xml]
22:51:54,875 INFO [ClassPathXmlApplicationContext] Bean factory for application context [org.springframework.context.support.ClassPathXmlApplicationContext;hashCode=28035001]: org.springframework.beans.factory.support.DefaultListableBeanFactory defining beans [propertyConfigurer,messageSource,sessionFactory,hibernateTemplate,transactionManager,baseDao,baseServiceTarget,baseService,workArea,mainFrame,articleUI,businessPartnerUI,printUI]; root of BeanFactory hierarchy
22:51:54,890 INFO [ClassPathXmlApplicationContext] 13 beans defined in application context [org.springframework.context.support.ClassPathXmlApplicationContext;hashCode=28035001]
22:51:54,890 INFO [DefaultListableBeanFactory] Creating shared instance of singleton bean 'propertyConfigurer'
22:51:55,000 INFO [PropertyPlaceholderConfigurer] Loading properties from class path resource [ecobill/config/hibernate.properties]
22:51:55,046 INFO [CollectionFactory] JDK 1.4+ collections available
22:51:55,062 INFO [DefaultListableBeanFactory] Creating shared instance of singleton bean 'messageSource'
22:51:55,062 INFO [ClassPathXmlApplicationContext] Using MessageSource [org.springframework.context.support.ResourceBundleMessageSource: basenames=[ecobill/config/bundle/base/gui,ecobill/config/bundle/base/unit,ecobill/config/bundle/base/article]]
22:51:55,062 INFO [ClassPathXmlApplicationContext] Unable to locate ApplicationEventMulticaster with name 'applicationEventMulticaster': using default [org.springframework.context.event.SimpleApplicationEventMulticaster@5e3974]
22:51:55,062 INFO [DefaultListableBeanFactory] Pre-instantiating singletons in factory [org.springframework.beans.factory.support.DefaultListableBeanFactory defining beans [propertyConfigurer,messageSource,sessionFactory,hibernateTemplate,transactionManager,baseDao,baseServiceTarget,baseService,workArea,mainFrame,articleUI,businessPartnerUI,printUI]; root of BeanFactory hierarchy]
22:51:55,062 INFO [DefaultListableBeanFactory] Creating shared instance of singleton bean 'sessionFactory'
22:51:55,140 INFO [Environment] Hibernate 3.0.5
22:51:55,140 INFO [Environment] hibernate.properties not found
22:51:55,140 INFO [Environment] using CGLIB reflection optimizer
22:51:55,156 INFO [Environment] using JDK 1.4 java.sql.Timestamp handling
22:51:55,625 INFO [HbmBinder] Mapping class: ecobill.module.base.domain.SystemLocale -> BASE_SYSTEM_LOCALE
22:51:55,703 INFO [HbmBinder] Mapping class: ecobill.module.base.domain.SystemUnit -> BASE_SYSTEM_UNIT
22:51:55,734 INFO [HbmBinder] Mapping class: ecobill.module.base.domain.Person -> BASE_PERSON
22:51:55,937 INFO [HbmBinder] Mapping class: ecobill.module.base.domain.Address -> BASE_ADDRESS
22:51:55,953 INFO [HbmBinder] Mapping class: ecobill.module.base.domain.Banking -> BASE_BANKING
22:51:55,968 INFO [HbmBinder] Mapping class: ecobill.module.base.domain.BusinessPartner -> BASE_BUSINESS_PARTNER
22:51:56,000 INFO [HbmBinder] Mapping class: ecobill.module.base.domain.Article -> BASE_ARTICLE
22:51:56,015 INFO [HbmBinder] Mapping class: ecobill.module.base.domain.ArticleDescription -> BASE_ARTICLE_DESCRIPTION
22:51:56,109 INFO [HbmBinder] Mapping class: ecobill.module.base.domain.DeliveryOrder -> BASE_DELIVERY_ORDER
22:51:56,156 INFO [HbmBinder] Mapping class: ecobill.module.base.domain.ReduplicatedArticle -> BASE_REDUPLICATED_ARTICLE
22:51:56,203 INFO [HbmBinder] Mapping class: ecobill.module.base.domain.Bill -> BASE_BILL
22:51:56,203 INFO [LocalSessionFactoryBean] Building new Hibernate SessionFactory
22:51:56,203 INFO [Configuration] processing extends queue
22:51:56,203 INFO [Configuration] processing collection mappings
22:51:56,203 INFO [HbmBinder] Mapping collection: ecobill.module.base.domain.BusinessPartner.deliveryOrders -> BASE_DELIVERY_ORDER
22:51:56,203 INFO [HbmBinder] Mapping collection: ecobill.module.base.domain.BusinessPartner.bills -> BASE_BILL
22:51:56,203 INFO [HbmBinder] Mapping collection: ecobill.module.base.domain.Article.descriptions -> BASE_ARTICLE_DESCRIPTION
22:51:56,203 INFO [HbmBinder] Mapping collection: ecobill.module.base.domain.DeliveryOrder.articles -> BASE_REDUPLICATED_ARTICLE
22:51:56,203 INFO [HbmBinder] Mapping collection: ecobill.module.base.domain.Bill.deliveryOrders -> BASE_DELIVERY_ORDER
22:51:56,203 INFO [Configuration] processing association property references
22:51:56,203 INFO [Configuration] processing foreign key constraints
22:51:56,218 INFO [C3P0ConnectionProvider] C3P0 using driver: com.mysql.jdbc.Driver at URL: jdbc:mysql://localhost:3306/ecobill
22:51:56,218 INFO [C3P0ConnectionProvider] Connection properties: {user=root, password=****}
22:51:56,218 INFO [C3P0ConnectionProvider] autocommit mode: false
22:51:57,421 INFO [SettingsFactory] RDBMS: MySQL, version: 4.1.11-nt
22:51:57,421 INFO [SettingsFactory] JDBC driver: MySQL-AB JDBC Driver, version: mysql-connector-java-3.1.7 ( $Date: 2005/09/12 17:29:24 $, $Revision: 1.7 $ )
22:51:57,484 INFO [Dialect] Using dialect: org.hibernate.dialect.MySQLInnoDBDialect
22:51:57,484 INFO [TransactionFactoryFactory] Using default transaction strategy (direct JDBC transactions)
22:51:57,484 INFO [TransactionManagerLookupFactory] No TransactionManagerLookup configured (in JTA environment, use of read-write or transactional second-level cache is not recommended)
22:51:57,484 INFO [SettingsFactory] Automatic flush during beforeCompletion(): disabled
22:51:57,484 INFO [SettingsFactory] Automatic session close at end of transaction: disabled
22:51:57,484 INFO [SettingsFactory] JDBC batch size: 15
22:51:57,484 INFO [SettingsFactory] JDBC batch updates for versioned data: disabled
22:51:57,500 INFO [SettingsFactory] Scrollable result sets: enabled
22:51:57,500 INFO [SettingsFactory] JDBC3 getGeneratedKeys(): enabled
22:51:57,500 INFO [SettingsFactory] Connection release mode: null
22:51:57,500 INFO [SettingsFactory] Maximum outer join fetch depth: 2
22:51:57,500 INFO [SettingsFactory] Default batch fetch size: 1
22:51:57,500 INFO [SettingsFactory] Generate SQL with comments: disabled
22:51:57,500 INFO [SettingsFactory] Order SQL updates by primary key: disabled
22:51:57,500 INFO [SettingsFactory] Query translator: org.hibernate.hql.ast.ASTQueryTranslatorFactory
22:51:57,500 INFO [ASTQueryTranslatorFactory] Using ASTQueryTranslatorFactory
22:51:57,500 INFO [SettingsFactory] Query language substitutions: {toUpper=true}
22:51:57,500 INFO [SettingsFactory] Second-level cache: enabled
22:51:57,500 INFO [SettingsFactory] Query cache: disabled
22:51:57,500 INFO [SettingsFactory] Cache provider: org.hibernate.cache.EhCacheProvider
22:51:57,500 INFO [SettingsFactory] Optimize cache for minimal puts: disabled
22:51:57,500 INFO [SettingsFactory] Structured second-level cache entries: disabled
22:51:57,515 INFO [SettingsFactory] Echoing all SQL to stdout
22:51:57,515 INFO [SettingsFactory] Statistics: disabled
22:51:57,515 INFO [SettingsFactory] Deleted entity synthetic identifier rollback: disabled
22:51:57,515 INFO [SettingsFactory] Default entity-mode: pojo
22:51:57,750 INFO [SessionFactoryImpl] building session factory
22:51:57,781 WARN [Configurator] No configuration found. Configuring ehcache from ehcache-failsafe.xml found in the classpath: jar:file:/D:/Projects/EcoBill/lib/ehcache-1.1.jar!/ehcache-failsafe.xml
22:51:58,500 INFO [SessionFactoryObjectFactory] Not binding factory to JNDI, no JNDI name configured
22:51:58,500 INFO [SessionFactoryImpl] Checking 0 named queries
22:51:58,562 INFO [DefaultListableBeanFactory] Creating shared instance of singleton bean 'hibernateTemplate'
22:51:58,562 INFO [DefaultListableBeanFactory] Creating shared instance of singleton bean 'transactionManager'
22:51:58,593 INFO [DefaultListableBeanFactory] Creating shared instance of singleton bean 'baseDao'
22:51:58,593 INFO [DefaultListableBeanFactory] Creating shared instance of singleton bean 'baseServiceTarget'
22:51:58,593 INFO [DefaultListableBeanFactory] Creating shared instance of singleton bean 'baseService'
22:51:58,609 INFO [DefaultAopProxyFactory] CGLIB2 available: proxyTargetClass feature enabled
22:51:58,671 INFO [DefaultListableBeanFactory] Creating shared instance of singleton bean 'workArea'
22:51:58,687 INFO [DefaultListableBeanFactory] Creating shared instance of singleton bean 'mainFrame'
22:51:59,859 INFO [DefaultListableBeanFactory] Creating shared instance of singleton bean 'articleUI'
22:52:00,796 INFO [JdbcTransactionObjectSupport] JDBC 3.0 Savepoint class is available
22:52:02,578 INFO [DefaultListableBeanFactory] Creating shared instance of singleton bean 'businessPartnerUI'
22:52:02,671 INFO [DefaultListableBeanFactory] Creating shared instance of singleton bean 'printUI'
